<?xml version="1.0" encoding="UTF-8"?>
<!-- Generated by org.testng.reporters.JUnitReportReporter -->
<testsuite skipped="0" hostname="DESKTOP-RQTABIO" name="SergeyReviewTest" tests="1" failures="0" timestamp="2021-12-02T12:57:26 MSK" time="6.653" errors="0">
  <testcase name="review" time="6.653" classname="SergeyReviewTest"/>
  <system-out/>
</testsuite> <!-- SergeyReviewTest -->
