<?xml version="1.0" encoding="UTF-8"?>
<!-- Generated by org.testng.reporters.JUnitReportReporter -->
<testsuite skipped="0" hostname="DESKTOP-RQTABIO" name="wikipediaTest" tests="1" failures="0" timestamp="2021-12-02T12:57:26 MSK" time="4.685" errors="0">
  <testcase name="firstTest" time="4.685" classname="wikipediaTest"/>
  <system-out/>
</testsuite> <!-- wikipediaTest -->
