<?xml version="1.0" encoding="UTF-8"?>
<!-- Generated by org.testng.reporters.JUnitReportReporter -->
<testsuite skipped="0" hostname="DESKTOP-RQTABIO" name="DemoqaFormFillingTest" tests="1" failures="0" timestamp="2021-12-02T12:57:26 MSK" time="8.313" errors="0">
  <testcase name="fillForm" time="8.313" classname="DemoqaFormFillingTest"/>
  <system-out/>
</testsuite> <!-- DemoqaFormFillingTest -->
