<?xml version="1.0" encoding="UTF-8"?>
<!-- Generated by org.testng.reporters.JUnitReportReporter -->
<testsuite skipped="0" hostname="DESKTOP-RQTABIO" name="SeleniumTest" tests="1" failures="0" timestamp="2021-12-02T12:57:26 MSK" time="5.246" errors="0">
  <testcase name="test" time="5.246" classname="SeleniumTest"/>
  <system-out/>
</testsuite> <!-- SeleniumTest -->
