<?xml version="1.0" encoding="UTF-8"?>
<!-- Generated by org.testng.reporters.JUnitReportReporter -->
<testsuite skipped="0" hostname="DESKTOP-RQTABIO" name="CheckSeliniumSiteTest" tests="1" failures="0" timestamp="2021-12-02T12:57:26 MSK" time="5.922" errors="0">
  <testcase name="titleTest" time="5.922" classname="CheckSeliniumSiteTest"/>
  <system-out/>
</testsuite> <!-- CheckSeliniumSiteTest -->
