<?xml version="1.0" encoding="UTF-8"?>
<!-- Generated by org.testng.reporters.JUnitReportReporter -->
<testsuite skipped="0" hostname="DESKTOP-RQTABIO" name="FirstPageTest" tests="2" failures="0" timestamp="2021-12-02T12:57:26 MSK" time="6.852" errors="0">
  <testcase name="testURL" time="2.951" classname="FirstPageTest"/>
  <system-out/>
  <testcase name="testMainPage" time="3.901" classname="FirstPageTest"/>
  <system-out/>
</testsuite> <!-- FirstPageTest -->
